<?xml version="1.0" encoding="UTF-8"?>
<!-- Generated by org.testng.reporters.JUnitReportReporter -->
<testsuite hostname="LAPTOP-L24ILI7K" failures="0" tests="10" name="Trial1.InvocationCountTest" time="0.023" errors="0" timestamp="14 May 2019 04:15:10 GMT" skipped="0">
  <testcase classname="Trial1.InvocationCountTest" name="sum" time="0.000"/>
  <testcase classname="Trial1.InvocationCountTest" name="sum" time="0.004"/>
  <testcase classname="Trial1.InvocationCountTest" name="sum" time="0.001"/>
  <testcase classname="Trial1.InvocationCountTest" name="sum" time="0.002"/>
  <testcase classname="Trial1.InvocationCountTest" name="sum" time="0.001"/>
  <testcase classname="Trial1.InvocationCountTest" name="sum" time="0.005"/>
  <testcase classname="Trial1.InvocationCountTest" name="sum" time="0.001"/>
  <testcase classname="Trial1.InvocationCountTest" name="sum" time="0.003"/>
  <testcase classname="Trial1.InvocationCountTest" name="sum" time="0.004"/>
  <testcase classname="Trial1.InvocationCountTest" name="sum" time="0.002"/>
</testsuite> <!-- Trial1.InvocationCountTest -->
