<?xml version="1.0" encoding="UTF-8"?>
<!-- Generated by org.testng.reporters.JUnitReportReporter -->
<testsuite hostname="LAPTOP-L24ILI7K" failures="0" tests="6" name="Trial1.GoogleTest" time="60.331" errors="0" timestamp="13 May 2019 21:52:44 GMT" skipped="0">
  <testcase classname="Trial1.GoogleTest" name="GoogleTitleTest" time="8.800"/>
  <testcase classname="Trial1.GoogleTest" name="googlelogotest" time="8.695"/>
  <testcase classname="Trial1.GoogleTest" name="maillinkcheck" time="9.008"/>
  <testcase classname="Trial1.GoogleTest" name="test1" time="8.396"/>
  <testcase classname="Trial1.GoogleTest" name="test2" time="16.739"/>
  <testcase classname="Trial1.GoogleTest" name="test3" time="8.693"/>
</testsuite> <!-- Trial1.GoogleTest -->
