<?xml version="1.0" encoding="UTF-8"?>
<!-- Generated by org.testng.reporters.JUnitReportReporter -->
<testsuite hostname="LAPTOP-L24ILI7K" failures="0" tests="1" name="com.Parameters.ParameterTest" time="9.711" errors="0" timestamp="15 May 2019 00:55:01 GMT" skipped="0">
  <testcase classname="com.Parameters.ParameterTest" name="yahoologinTest" time="9.711"/>
</testsuite> <!-- com.Parameters.ParameterTest -->
