<?xml version="1.0" encoding="UTF-8"?>
<!-- Generated by org.testng.reporters.JUnitReportReporter -->
<testsuite hostname="LAPTOP-L24ILI7K" failures="0" tests="1" name="com.datadriven.test.LoginTest" time="0.000" errors="0" timestamp="16 May 2019 23:56:36 GMT" skipped="1">
  <testcase classname="com.datadriven.test.LoginTest" name="loginTest" time="0.000">
    <skipped/>
  </testcase> <!-- loginTest -->
</testsuite> <!-- com.datadriven.test.LoginTest -->
