<?xml version="1.0" encoding="UTF-8"?>
<!-- Generated by org.testng.reporters.JUnitReportReporter -->
<testsuite hostname="LAPTOP-L24ILI7K" failures="0" tests="1" name="Trial1.GoogleTitletest" time="5.829" errors="0" timestamp="14 May 2019 04:15:10 GMT" skipped="0">
  <testcase classname="Trial1.GoogleTitletest" name="GoogleTitleTest" time="5.829"/>
</testsuite> <!-- Trial1.GoogleTitletest -->
