<?xml version="1.0" encoding="UTF-8"?>
<!-- Generated by org.testng.reporters.JUnitReportReporter -->
<testsuite hostname="LAPTOP-L24ILI7K" failures="0" tests="1" name="Trial1.TestNGFeatures" time="0.002" errors="0" timestamp="14 May 2019 04:15:10 GMT" skipped="0">
  <testcase classname="Trial1.TestNGFeatures" name="LoginTest" time="0.002"/>
</testsuite> <!-- Trial1.TestNGFeatures -->
